<?xml version="1.0" encoding="UTF-8"?>
<!-- Generated by org.testng.reporters.JUnitReportReporter -->
<testsuite hostname="LAPTOP-O05LPGF6" failures="0" tests="4" name="ExtentReport" time="49.117" errors="0" timestamp="2021-07-15T23:07:26 IST" skipped="0">
  <testcase classname="ExtentReport" name="InvalidReport" time="8.022"/>
  <system-out/>
  <testcase classname="ExtentReport" name="ValidReport" time="11.861"/>
  <system-out/>
  <testcase classname="ExtentReport" name="LogInOutReport" time="11.794"/>
  <system-out/>
  <testcase classname="ExtentReport" name="CalculatePremiumReport" time="17.440"/>
  <system-out/>
</testsuite> <!-- ExtentReport -->
