<?xml version="1.0" encoding="UTF-8"?>
<!-- Generated by org.testng.reporters.JUnitReportReporter -->
<testsuite hostname="LAPTOP-O05LPGF6" failures="0" tests="1" name="testscenarios.LoginValid" time="13.016" errors="0" timestamp="2021-07-15T18:44:50 IST" skipped="0">
  <testcase classname="testscenarios.LoginValid" name="ValidLogin" time="13.016"/>
  <system-out/>
</testsuite> <!-- testscenarios.LoginValid -->
