<?xml version="1.0" encoding="UTF-8"?>
<!-- Generated by org.testng.reporters.JUnitReportReporter -->
<testsuite hostname="LAPTOP-O05LPGF6" failures="0" tests="1" name="testscenarios.ValidLoginTest" time="11.490" errors="0" timestamp="2021-07-15T21:24:18 IST" skipped="0">
  <testcase classname="testscenarios.ValidLoginTest" name="ValidLogin" time="11.490"/>
  <system-out/>
</testsuite> <!-- testscenarios.ValidLoginTest -->
