<?xml version="1.0" encoding="UTF-8"?>
<!-- Generated by org.testng.reporters.JUnitReportReporter -->
<testsuite hostname="LAPTOP-O05LPGF6" failures="0" tests="1" name="ExtentReport1" time="9.884" errors="0" timestamp="2021-07-15T23:00:53 IST" skipped="0">
  <testcase classname="ExtentReport1" name="InvalidReport" time="9.884"/>
  <system-out/>
</testsuite> <!-- ExtentReport1 -->
