<?xml version="1.0" encoding="UTF-8"?>
<!-- Generated by org.testng.reporters.JUnitReportReporter -->
<testsuite hostname="LAPTOP-O05LPGF6" failures="0" tests="1" name="testscenarios.CalculatePremiumTest" time="18.418" errors="0" timestamp="2021-07-15T18:44:15 IST" skipped="0">
  <testcase classname="testscenarios.CalculatePremiumTest" name="CalculatePremium" time="18.418"/>
  <system-out/>
</testsuite> <!-- testscenarios.CalculatePremiumTest -->
