<?xml version="1.0" encoding="UTF-8"?>
<!-- Generated by org.testng.reporters.JUnitReportReporter -->
<testsuite hostname="LAPTOP-O05LPGF6" failures="0" tests="1" name="testscenarios.InvalidLoginTest" time="8.928" errors="0" timestamp="2021-07-15T22:04:04 IST" skipped="0">
  <testcase classname="testscenarios.InvalidLoginTest" name="invalidinfo" time="8.928"/>
  <system-out/>
</testsuite> <!-- testscenarios.InvalidLoginTest -->
