<?xml version="1.0" encoding="UTF-8"?>
<!-- Generated by org.testng.reporters.JUnitReportReporter -->
<testsuite hostname="LAPTOP-O05LPGF6" failures="0" tests="1" name="testscenarios.HomePageTest" time="15.929" errors="0" timestamp="2021-07-15T22:03:10 IST" skipped="0">
  <testcase classname="testscenarios.HomePageTest" name="CalculatePremium" time="15.929"/>
  <system-out/>
</testsuite> <!-- testscenarios.HomePageTest -->
