<?xml version="1.0" encoding="UTF-8"?>
<!-- Generated by org.testng.reporters.JUnitReportReporter -->
<testsuite hostname="LAPTOP-O05LPGF6" failures="0" tests="4" name="insurancetests.InsuranceTest" time="48.713" errors="0" timestamp="2021-07-15T22:18:47 IST" skipped="0">
  <testcase classname="insurancetests.InsuranceTest" name="ValidLogin" time="11.479"/>
  <system-out/>
  <testcase classname="insurancetests.InsuranceTest" name="InvalidLogin" time="9.296"/>
  <system-out/>
  <testcase classname="insurancetests.InsuranceTest" name="LogInAndOut" time="11.799"/>
  <system-out/>
  <testcase classname="insurancetests.InsuranceTest" name="CalculatePremium" time="16.139"/>
  <system-out/>
</testsuite> <!-- insurancetests.InsuranceTest -->
